<?xml version="1.0" encoding="UTF-8"?>
<testng-results ignored="0" total="1" passed="1" failed="0" skipped="0">
  <reporter-output>
  </reporter-output>
  <suite started-at="2021-02-11T17:38:23Z" name="Default suite" finished-at="2021-02-11T17:40:01Z" duration-ms="98156">
    <groups>
    </groups>
    <test started-at="2021-02-11T17:38:23Z" name="Default test" finished-at="2021-02-11T17:40:01Z" duration-ms="98156">
      <class name="Project.ProjectShwapno.shwapno">
        <test-method signature="chooseLocation()[pri:0, instance:Project.ProjectShwapno.shwapno@38af9828]" started-at="2021-02-11T17:38:23Z" name="chooseLocation" finished-at="2021-02-11T17:40:01Z" duration-ms="98094" status="PASS">
          <reporter-output>
          </reporter-output>
        </test-method> <!-- chooseLocation -->
      </class> <!-- Project.ProjectShwapno.shwapno -->
    </test> <!-- Default test -->
  </suite> <!-- Default suite -->
</testng-results>
